[31Mar2024 00:23:57.585] [Server thread/INFO] [net.minecraft.world.entity.LivingEntity/]: Named entity Skeleton['Honeyed Archer'/15803, l='ServerLevel[Mapa-Mods]', x=922.16, y=163.85, z=67.65] died: Honeyed Archer suffocated in a wall
[31Mar2024 00:26:16.252] [Server thread/WARN] [net.minecraft.server.network.ServerGamePacketListenerImpl/]: AlveeeSNTC moved too quickly! -701.5,-71.0,-18.5
[31Mar2024 00:26:20.603] [Server thread/INFO] [net.minecraft.world.entity.LivingEntity/]: Named entity Skeleton['Honeyed Archer'/16693, l='ServerLevel[Mapa-Mods]', x=916.87, y=165.27, z=66.46] died: Honeyed Archer suffocated in a wall
[31Mar2024 00:41:41.605] [Server thread/INFO] [net.minecraft.server.MinecraftServer/]: AlveeeSNTC has made the advancement [An Extra Seedy Place]
[31Mar2024 00:41:51.160] [Server thread/INFO] [net.minecraft.server.network.ServerGamePacketListenerImpl/]: AlveeeSNTC lost connection: Disconnected
[31Mar2024 00:41:51.160] [Server thread/INFO] [net.minecraft.server.MinecraftServer/]: AlveeeSNTC left the game
[31Mar2024 00:41:52.669] [Server thread/INFO] [net.minecraft.server.network.ServerGamePacketListenerImpl/]: wN1212 lost connection: Disconnected
[31Mar2024 00:41:52.670] [Server thread/INFO] [net.minecraft.server.MinecraftServer/]: wN1212 left the game
[31Mar2024 00:42:05.575] [Server thread/INFO] [net.minecraft.server.MinecraftServer/]: Stopping the server
[31Mar2024 00:42:05.625] [Server thread/INFO] [net.minecraft.server.MinecraftServer/]: Stopping server
[31Mar2024 00:42:05.626] [Server thread/INFO] [net.minecraft.server.MinecraftServer/]: Saving players
[31Mar2024 00:42:05.626] [Server thread/INFO] [net.minecraft.server.MinecraftServer/]: Saving worlds
[31Mar2024 00:42:05.835] [Server thread/INFO] [net.minecraft.server.MinecraftServer/]: Saving chunks for level 'ServerLevel[Mapa-Mods]'/minecraft:overworld
[31Mar2024 00:42:05.978] [Server thread/INFO] [net.minecraft.server.MinecraftServer/]: Saving chunks for level 'ServerLevel[Mapa-Mods]'/allthemodium:the_beyond
[31Mar2024 00:42:05.981] [Server thread/INFO] [net.minecraft.server.MinecraftServer/]: Saving chunks for level 'ServerLevel[Mapa-Mods]'/ad_astra:glacio_orbit
[31Mar2024 00:42:05.982] [Server thread/INFO] [net.minecraft.server.MinecraftServer/]: Saving chunks for level 'ServerLevel[Mapa-Mods]'/mining_dimension:mining
[31Mar2024 00:42:05.983] [Server thread/INFO] [net.minecraft.server.MinecraftServer/]: Saving chunks for level 'ServerLevel[Mapa-Mods]'/minecraft:the_end
[31Mar2024 00:42:05.984] [Server thread/INFO] [net.minecraft.server.MinecraftServer/]: Saving chunks for level 'ServerLevel[Mapa-Mods]'/ad_astra:glacio
[31Mar2024 00:42:05.986] [Server thread/INFO] [net.minecraft.server.MinecraftServer/]: Saving chunks for level 'ServerLevel[Mapa-Mods]'/ad_astra:moon
[31Mar2024 00:42:05.987] [Server thread/INFO] [net.minecraft.server.MinecraftServer/]: Saving chunks for level 'ServerLevel[Mapa-Mods]'/ad_astra:moon_orbit
[31Mar2024 00:42:05.988] [Server thread/INFO] [net.minecraft.server.MinecraftServer/]: Saving chunks for level 'ServerLevel[Mapa-Mods]'/twilightforest:twilight_forest
[31Mar2024 00:42:05.990] [Server thread/INFO] [net.minecraft.server.MinecraftServer/]: Saving chunks for level 'ServerLevel[Mapa-Mods]'/ad_astra:mars_orbit
[31Mar2024 00:42:05.993] [Server thread/INFO] [net.minecraft.server.MinecraftServer/]: Saving chunks for level 'ServerLevel[Mapa-Mods]'/ad_astra:venus_orbit
[31Mar2024 00:42:05.994] [Server thread/INFO] [net.minecraft.server.MinecraftServer/]: Saving chunks for level 'ServerLevel[Mapa-Mods]'/ad_astra:mars
[31Mar2024 00:42:05.997] [Server thread/INFO] [net.minecraft.server.MinecraftServer/]: Saving chunks for level 'ServerLevel[Mapa-Mods]'/ad_astra:earth_orbit
[31Mar2024 00:42:05.999] [Server thread/INFO] [net.minecraft.server.MinecraftServer/]: Saving chunks for level 'ServerLevel[Mapa-Mods]'/minecraft:the_nether
[31Mar2024 00:42:06.000] [Server thread/INFO] [net.minecraft.server.MinecraftServer/]: Saving chunks for level 'ServerLevel[Mapa-Mods]'/allthemodium:the_other
[31Mar2024 00:42:06.001] [Server thread/INFO] [net.minecraft.server.MinecraftServer/]: Saving chunks for level 'ServerLevel[Mapa-Mods]'/ad_astra:mercury
[31Mar2024 00:42:06.002] [Server thread/INFO] [net.minecraft.server.MinecraftServer/]: Saving chunks for level 'ServerLevel[Mapa-Mods]'/ad_astra:venus
[31Mar2024 00:42:06.003] [Server thread/INFO] [net.minecraft.server.MinecraftServer/]: Saving chunks for level 'ServerLevel[Mapa-Mods]'/ad_astra:mercury_orbit
[31Mar2024 00:42:06.004] [Server thread/INFO] [net.minecraft.server.MinecraftServer/]: Saving chunks for level 'ServerLevel[Mapa-Mods]'/allthemodium:mining
[31Mar2024 00:42:06.006] [Server thread/INFO] [net.minecraft.server.MinecraftServer/]: Saving chunks for level 'ServerLevel[Mapa-Mods]'/ae2:spatial_storage
[31Mar2024 00:42:06.110] [Server thread/INFO] [net.minecraft.server.MinecraftServer/]: ThreadedAnvilChunkStorage (Mapa-Mods): All chunks are saved
[31Mar2024 00:42:06.110] [Server thread/INFO] [net.minecraft.server.MinecraftServer/]: ThreadedAnvilChunkStorage (the_beyond): All chunks are saved
[31Mar2024 00:42:06.110] [Server thread/INFO] [net.minecraft.server.MinecraftServer/]: ThreadedAnvilChunkStorage (glacio_orbit): All chunks are saved
[31Mar2024 00:42:06.110] [Server thread/INFO] [net.minecraft.server.MinecraftServer/]: ThreadedAnvilChunkStorage (mining): All chunks are saved
[31Mar2024 00:42:06.110] [Server thread/INFO] [net.minecraft.server.MinecraftServer/]: ThreadedAnvilChunkStorage (DIM1): All chunks are saved
[31Mar2024 00:42:06.110] [Server thread/INFO] [net.minecraft.server.MinecraftServer/]: ThreadedAnvilChunkStorage (glacio): All chunks are saved
[31Mar2024 00:42:06.110] [Server thread/INFO] [net.minecraft.server.MinecraftServer/]: ThreadedAnvilChunkStorage (moon): All chunks are saved
[31Mar2024 00:42:06.110] [Server thread/INFO] [net.minecraft.server.MinecraftServer/]: ThreadedAnvilChunkStorage (moon_orbit): All chunks are saved
[31Mar2024 00:42:06.110] [Server thread/INFO] [net.minecraft.server.MinecraftServer/]: ThreadedAnvilChunkStorage (twilight_forest): All chunks are saved
[31Mar2024 00:42:06.110] [Server thread/INFO] [net.minecraft.server.MinecraftServer/]: ThreadedAnvilChunkStorage (mars_orbit): All chunks are saved
[31Mar2024 00:42:06.111] [Server thread/INFO] [net.minecraft.server.MinecraftServer/]: ThreadedAnvilChunkStorage (venus_orbit): All chunks are saved
[31Mar2024 00:42:06.111] [Server thread/INFO] [net.minecraft.server.MinecraftServer/]: ThreadedAnvilChunkStorage (mars): All chunks are saved
[31Mar2024 00:42:06.111] [Server thread/INFO] [net.minecraft.server.MinecraftServer/]: ThreadedAnvilChunkStorage (earth_orbit): All chunks are saved
[31Mar2024 00:42:06.111] [Server thread/INFO] [net.minecraft.server.MinecraftServer/]: ThreadedAnvilChunkStorage (DIM-1): All chunks are saved
[31Mar2024 00:42:06.111] [Server thread/INFO] [net.minecraft.server.MinecraftServer/]: ThreadedAnvilChunkStorage (the_other): All chunks are saved
[31Mar2024 00:42:06.111] [Server thread/INFO] [net.minecraft.server.MinecraftServer/]: ThreadedAnvilChunkStorage (mercury): All chunks are saved
[31Mar2024 00:42:06.111] [Server thread/INFO] [net.minecraft.server.MinecraftServer/]: ThreadedAnvilChunkStorage (venus): All chunks are saved
[31Mar2024 00:42:06.111] [Server thread/INFO] [net.minecraft.server.MinecraftServer/]: ThreadedAnvilChunkStorage (mercury_orbit): All chunks are saved
[31Mar2024 00:42:06.111] [Server thread/INFO] [net.minecraft.server.MinecraftServer/]: ThreadedAnvilChunkStorage (mining): All chunks are saved
[31Mar2024 00:42:06.111] [Server thread/INFO] [net.minecraft.server.MinecraftServer/]: ThreadedAnvilChunkStorage (spatial_storage): All chunks are saved
[31Mar2024 00:42:06.111] [Server thread/INFO] [net.minecraft.server.MinecraftServer/]: ThreadedAnvilChunkStorage: All dimensions are saved
[31Mar2024 00:42:06.195] [Server thread/INFO] [shetiphian.enderchests.EnderChests/]: Unloading EnderChest Data
[31Mar2024 00:42:06.196] [Server thread/INFO] [shetiphian.enderchests.EnderChests/]: Finished Unloading EnderChest Data
[31Mar2024 00:42:06.202] [Server thread/INFO] [journeymap/]: Loading JourneyMap Forge Configs
[31Mar2024 00:42:06.214] [Server thread/INFO] [FluxNetworks/Energy]: Energy blacklist loaded: 1 block entries, 0 item entries
